Determining if the pthread_create exist failed with the following output:
Change Dir: /home/enis/catkin_ws/build/CMakeFiles/CMakeTmp

Run Build Command:"/usr/bin/make" "cmTC_a756b/fast"
/usr/bin/make -f CMakeFiles/cmTC_a756b.dir/build.make CMakeFiles/cmTC_a756b.dir/build
make[1]: Verzeichnis „/home/enis/catkin_ws/build/CMakeFiles/CMakeTmp“ wird betreten
Building C object CMakeFiles/cmTC_a756b.dir/CheckSymbolExists.c.o
/usr/bin/cc     -o CMakeFiles/cmTC_a756b.dir/CheckSymbolExists.c.o   -c /home/enis/catkin_ws/build/CMakeFiles/CMakeTmp/CheckSymbolExists.c
Linking C executable cmTC_a756b
/usr/bin/cmake -E cmake_link_script CMakeFiles/cmTC_a756b.dir/link.txt --verbose=1
/usr/bin/cc       CMakeFiles/cmTC_a756b.dir/CheckSymbolExists.c.o  -o cmTC_a756b -rdynamic 
CMakeFiles/cmTC_a756b.dir/CheckSymbolExists.c.o: In Funktion `main':
CheckSymbolExists.c:(.text+0x16): Nicht definierter Verweis auf `pthread_create'
collect2: error: ld returned 1 exit status
CMakeFiles/cmTC_a756b.dir/build.make:97: die Regel für Ziel „cmTC_a756b“ scheiterte
make[1]: *** [cmTC_a756b] Fehler 1
make[1]: Verzeichnis „/home/enis/catkin_ws/build/CMakeFiles/CMakeTmp“ wird verlassen
Makefile:126: die Regel für Ziel „cmTC_a756b/fast“ scheiterte
make: *** [cmTC_a756b/fast] Fehler 2

File /home/enis/catkin_ws/build/CMakeFiles/CMakeTmp/CheckSymbolExists.c:
/* */
#include <pthread.h>

int main(int argc, char** argv)
{
  (void)argv;
#ifndef pthread_create
  return ((int*)(&pthread_create))[argc];
#else
  (void)argc;
  return 0;
#endif
}

Determining if the function pthread_create exists in the pthreads failed with the following output:
Change Dir: /home/enis/catkin_ws/build/CMakeFiles/CMakeTmp

Run Build Command:"/usr/bin/make" "cmTC_ce6b8/fast"
/usr/bin/make -f CMakeFiles/cmTC_ce6b8.dir/build.make CMakeFiles/cmTC_ce6b8.dir/build
make[1]: Verzeichnis „/home/enis/catkin_ws/build/CMakeFiles/CMakeTmp“ wird betreten
Building C object CMakeFiles/cmTC_ce6b8.dir/CheckFunctionExists.c.o
/usr/bin/cc    -DCHECK_FUNCTION_EXISTS=pthread_create   -o CMakeFiles/cmTC_ce6b8.dir/CheckFunctionExists.c.o   -c /usr/share/cmake-3.5/Modules/CheckFunctionExists.c
Linking C executable cmTC_ce6b8
/usr/bin/cmake -E cmake_link_script CMakeFiles/cmTC_ce6b8.dir/link.txt --verbose=1
/usr/bin/cc   -DCHECK_FUNCTION_EXISTS=pthread_create    CMakeFiles/cmTC_ce6b8.dir/CheckFunctionExists.c.o  -o cmTC_ce6b8 -rdynamic -lpthreads 
/usr/bin/ld: cannot find -lpthreads
collect2: error: ld returned 1 exit status
CMakeFiles/cmTC_ce6b8.dir/build.make:97: die Regel für Ziel „cmTC_ce6b8“ scheiterte
make[1]: *** [cmTC_ce6b8] Fehler 1
make[1]: Verzeichnis „/home/enis/catkin_ws/build/CMakeFiles/CMakeTmp“ wird verlassen
Makefile:126: die Regel für Ziel „cmTC_ce6b8/fast“ scheiterte
make: *** [cmTC_ce6b8/fast] Fehler 2


Determining if the Q_WS_WIN exist failed with the following output:
Change Dir: /home/enis/catkin_ws/build/CMakeFiles/CMakeTmp

Run Build Command:"/usr/bin/make" "cmTC_243c4/fast"
make[1]: Verzeichnis „/home/enis/catkin_ws/build/CMakeFiles/CMakeTmp“ wird betreten
/usr/bin/make -f CMakeFiles/cmTC_243c4.dir/build.make CMakeFiles/cmTC_243c4.dir/build
make[2]: Verzeichnis „/home/enis/catkin_ws/build/CMakeFiles/CMakeTmp“ wird betreten
Building CXX object CMakeFiles/cmTC_243c4.dir/CheckSymbolExists.cxx.o
/usr/bin/c++    -I/usr/include/qt4   -o CMakeFiles/cmTC_243c4.dir/CheckSymbolExists.cxx.o -c /home/enis/catkin_ws/build/CMakeFiles/CMakeTmp/CheckSymbolExists.cxx
/home/enis/catkin_ws/build/CMakeFiles/CMakeTmp/CheckSymbolExists.cxx: In function ‘int main(int, char**)’:
/home/enis/catkin_ws/build/CMakeFiles/CMakeTmp/CheckSymbolExists.cxx:8:19: error: ‘Q_WS_WIN’ was not declared in this scope
   return ((int*)(&Q_WS_WIN))[argc];
                   ^
CMakeFiles/cmTC_243c4.dir/build.make:65: die Regel für Ziel „CMakeFiles/cmTC_243c4.dir/CheckSymbolExists.cxx.o“ scheiterte
make[2]: *** [CMakeFiles/cmTC_243c4.dir/CheckSymbolExists.cxx.o] Fehler 1
make[2]: Verzeichnis „/home/enis/catkin_ws/build/CMakeFiles/CMakeTmp“ wird verlassen
Makefile:126: die Regel für Ziel „cmTC_243c4/fast“ scheiterte
make[1]: *** [cmTC_243c4/fast] Fehler 2
make[1]: Verzeichnis „/home/enis/catkin_ws/build/CMakeFiles/CMakeTmp“ wird verlassen

File /home/enis/catkin_ws/build/CMakeFiles/CMakeTmp/CheckSymbolExists.cxx:
/* */
#include <QtCore/qglobal.h>

int main(int argc, char** argv)
{
  (void)argv;
#ifndef Q_WS_WIN
  return ((int*)(&Q_WS_WIN))[argc];
#else
  (void)argc;
  return 0;
#endif
}

Determining if the Q_WS_QWS exist failed with the following output:
Change Dir: /home/enis/catkin_ws/build/CMakeFiles/CMakeTmp

Run Build Command:"/usr/bin/make" "cmTC_f3d49/fast"
make[1]: Verzeichnis „/home/enis/catkin_ws/build/CMakeFiles/CMakeTmp“ wird betreten
/usr/bin/make -f CMakeFiles/cmTC_f3d49.dir/build.make CMakeFiles/cmTC_f3d49.dir/build
make[2]: Verzeichnis „/home/enis/catkin_ws/build/CMakeFiles/CMakeTmp“ wird betreten
Building CXX object CMakeFiles/cmTC_f3d49.dir/CheckSymbolExists.cxx.o
/usr/bin/c++    -I/usr/include/qt4   -o CMakeFiles/cmTC_f3d49.dir/CheckSymbolExists.cxx.o -c /home/enis/catkin_ws/build/CMakeFiles/CMakeTmp/CheckSymbolExists.cxx
/home/enis/catkin_ws/build/CMakeFiles/CMakeTmp/CheckSymbolExists.cxx: In function ‘int main(int, char**)’:
/home/enis/catkin_ws/build/CMakeFiles/CMakeTmp/CheckSymbolExists.cxx:8:19: error: ‘Q_WS_QWS’ was not declared in this scope
   return ((int*)(&Q_WS_QWS))[argc];
                   ^
CMakeFiles/cmTC_f3d49.dir/build.make:65: die Regel für Ziel „CMakeFiles/cmTC_f3d49.dir/CheckSymbolExists.cxx.o“ scheiterte
make[2]: *** [CMakeFiles/cmTC_f3d49.dir/CheckSymbolExists.cxx.o] Fehler 1
make[2]: Verzeichnis „/home/enis/catkin_ws/build/CMakeFiles/CMakeTmp“ wird verlassen
Makefile:126: die Regel für Ziel „cmTC_f3d49/fast“ scheiterte
make[1]: *** [cmTC_f3d49/fast] Fehler 2
make[1]: Verzeichnis „/home/enis/catkin_ws/build/CMakeFiles/CMakeTmp“ wird verlassen

File /home/enis/catkin_ws/build/CMakeFiles/CMakeTmp/CheckSymbolExists.cxx:
/* */
#include <QtCore/qglobal.h>

int main(int argc, char** argv)
{
  (void)argv;
#ifndef Q_WS_QWS
  return ((int*)(&Q_WS_QWS))[argc];
#else
  (void)argc;
  return 0;
#endif
}

Determining if the Q_WS_MAC exist failed with the following output:
Change Dir: /home/enis/catkin_ws/build/CMakeFiles/CMakeTmp

Run Build Command:"/usr/bin/make" "cmTC_80647/fast"
make[1]: Verzeichnis „/home/enis/catkin_ws/build/CMakeFiles/CMakeTmp“ wird betreten
/usr/bin/make -f CMakeFiles/cmTC_80647.dir/build.make CMakeFiles/cmTC_80647.dir/build
make[2]: Verzeichnis „/home/enis/catkin_ws/build/CMakeFiles/CMakeTmp“ wird betreten
Building CXX object CMakeFiles/cmTC_80647.dir/CheckSymbolExists.cxx.o
/usr/bin/c++    -I/usr/include/qt4   -o CMakeFiles/cmTC_80647.dir/CheckSymbolExists.cxx.o -c /home/enis/catkin_ws/build/CMakeFiles/CMakeTmp/CheckSymbolExists.cxx
/home/enis/catkin_ws/build/CMakeFiles/CMakeTmp/CheckSymbolExists.cxx: In function ‘int main(int, char**)’:
/home/enis/catkin_ws/build/CMakeFiles/CMakeTmp/CheckSymbolExists.cxx:8:19: error: ‘Q_WS_MAC’ was not declared in this scope
   return ((int*)(&Q_WS_MAC))[argc];
                   ^
CMakeFiles/cmTC_80647.dir/build.make:65: die Regel für Ziel „CMakeFiles/cmTC_80647.dir/CheckSymbolExists.cxx.o“ scheiterte
make[2]: *** [CMakeFiles/cmTC_80647.dir/CheckSymbolExists.cxx.o] Fehler 1
make[2]: Verzeichnis „/home/enis/catkin_ws/build/CMakeFiles/CMakeTmp“ wird verlassen
Makefile:126: die Regel für Ziel „cmTC_80647/fast“ scheiterte
make[1]: *** [cmTC_80647/fast] Fehler 2
make[1]: Verzeichnis „/home/enis/catkin_ws/build/CMakeFiles/CMakeTmp“ wird verlassen

File /home/enis/catkin_ws/build/CMakeFiles/CMakeTmp/CheckSymbolExists.cxx:
/* */
#include <QtCore/qglobal.h>

int main(int argc, char** argv)
{
  (void)argv;
#ifndef Q_WS_MAC
  return ((int*)(&Q_WS_MAC))[argc];
#else
  (void)argc;
  return 0;
#endif
}

